Linked: (/home/sahil/DorleCo/devel/.private/carla_ros_scenario_runner_types/include/carla_ros_scenario_runner_types/CarlaScenarioList.h, /home/sahil/DorleCo/devel/include/carla_ros_scenario_runner_types/CarlaScenarioList.h)
Linked: (/home/sahil/DorleCo/devel/.private/carla_ros_scenario_runner_types/include/carla_ros_scenario_runner_types/ExecuteScenarioRequest.h, /home/sahil/DorleCo/devel/include/carla_ros_scenario_runner_types/ExecuteScenarioRequest.h)
Linked: (/home/sahil/DorleCo/devel/.private/carla_ros_scenario_runner_types/include/carla_ros_scenario_runner_types/ExecuteScenario.h, /home/sahil/DorleCo/devel/include/carla_ros_scenario_runner_types/ExecuteScenario.h)
Linked: (/home/sahil/DorleCo/devel/.private/carla_ros_scenario_runner_types/include/carla_ros_scenario_runner_types/CarlaScenarioRunnerStatus.h, /home/sahil/DorleCo/devel/include/carla_ros_scenario_runner_types/CarlaScenarioRunnerStatus.h)
Linked: (/home/sahil/DorleCo/devel/.private/carla_ros_scenario_runner_types/include/carla_ros_scenario_runner_types/ExecuteScenarioResponse.h, /home/sahil/DorleCo/devel/include/carla_ros_scenario_runner_types/ExecuteScenarioResponse.h)
Linked: (/home/sahil/DorleCo/devel/.private/carla_ros_scenario_runner_types/include/carla_ros_scenario_runner_types/CarlaScenario.h, /home/sahil/DorleCo/devel/include/carla_ros_scenario_runner_types/CarlaScenario.h)
Linked: (/home/sahil/DorleCo/devel/.private/carla_ros_scenario_runner_types/share/roseus/ros/carla_ros_scenario_runner_types/manifest.l, /home/sahil/DorleCo/devel/share/roseus/ros/carla_ros_scenario_runner_types/manifest.l)
Linked: (/home/sahil/DorleCo/devel/.private/carla_ros_scenario_runner_types/share/roseus/ros/carla_ros_scenario_runner_types/msg/CarlaScenarioRunnerStatus.l, /home/sahil/DorleCo/devel/share/roseus/ros/carla_ros_scenario_runner_types/msg/CarlaScenarioRunnerStatus.l)
Linked: (/home/sahil/DorleCo/devel/.private/carla_ros_scenario_runner_types/share/roseus/ros/carla_ros_scenario_runner_types/msg/CarlaScenario.l, /home/sahil/DorleCo/devel/share/roseus/ros/carla_ros_scenario_runner_types/msg/CarlaScenario.l)
Linked: (/home/sahil/DorleCo/devel/.private/carla_ros_scenario_runner_types/share/roseus/ros/carla_ros_scenario_runner_types/msg/CarlaScenarioList.l, /home/sahil/DorleCo/devel/share/roseus/ros/carla_ros_scenario_runner_types/msg/CarlaScenarioList.l)
Linked: (/home/sahil/DorleCo/devel/.private/carla_ros_scenario_runner_types/share/roseus/ros/carla_ros_scenario_runner_types/srv/ExecuteScenario.l, /home/sahil/DorleCo/devel/share/roseus/ros/carla_ros_scenario_runner_types/srv/ExecuteScenario.l)
Linked: (/home/sahil/DorleCo/devel/.private/carla_ros_scenario_runner_types/share/common-lisp/ros/carla_ros_scenario_runner_types/msg/_package_CarlaScenarioRunnerStatus.lisp, /home/sahil/DorleCo/devel/share/common-lisp/ros/carla_ros_scenario_runner_types/msg/_package_CarlaScenarioRunnerStatus.lisp)
Linked: (/home/sahil/DorleCo/devel/.private/carla_ros_scenario_runner_types/share/common-lisp/ros/carla_ros_scenario_runner_types/msg/CarlaScenarioRunnerStatus.lisp, /home/sahil/DorleCo/devel/share/common-lisp/ros/carla_ros_scenario_runner_types/msg/CarlaScenarioRunnerStatus.lisp)
Linked: (/home/sahil/DorleCo/devel/.private/carla_ros_scenario_runner_types/share/common-lisp/ros/carla_ros_scenario_runner_types/msg/CarlaScenarioList.lisp, /home/sahil/DorleCo/devel/share/common-lisp/ros/carla_ros_scenario_runner_types/msg/CarlaScenarioList.lisp)
Linked: (/home/sahil/DorleCo/devel/.private/carla_ros_scenario_runner_types/share/common-lisp/ros/carla_ros_scenario_runner_types/msg/carla_ros_scenario_runner_types-msg.asd, /home/sahil/DorleCo/devel/share/common-lisp/ros/carla_ros_scenario_runner_types/msg/carla_ros_scenario_runner_types-msg.asd)
Linked: (/home/sahil/DorleCo/devel/.private/carla_ros_scenario_runner_types/share/common-lisp/ros/carla_ros_scenario_runner_types/msg/_package_CarlaScenarioList.lisp, /home/sahil/DorleCo/devel/share/common-lisp/ros/carla_ros_scenario_runner_types/msg/_package_CarlaScenarioList.lisp)
Linked: (/home/sahil/DorleCo/devel/.private/carla_ros_scenario_runner_types/share/common-lisp/ros/carla_ros_scenario_runner_types/msg/_package_CarlaScenario.lisp, /home/sahil/DorleCo/devel/share/common-lisp/ros/carla_ros_scenario_runner_types/msg/_package_CarlaScenario.lisp)
Linked: (/home/sahil/DorleCo/devel/.private/carla_ros_scenario_runner_types/share/common-lisp/ros/carla_ros_scenario_runner_types/msg/CarlaScenario.lisp, /home/sahil/DorleCo/devel/share/common-lisp/ros/carla_ros_scenario_runner_types/msg/CarlaScenario.lisp)
Linked: (/home/sahil/DorleCo/devel/.private/carla_ros_scenario_runner_types/share/common-lisp/ros/carla_ros_scenario_runner_types/msg/_package.lisp, /home/sahil/DorleCo/devel/share/common-lisp/ros/carla_ros_scenario_runner_types/msg/_package.lisp)
Linked: (/home/sahil/DorleCo/devel/.private/carla_ros_scenario_runner_types/share/common-lisp/ros/carla_ros_scenario_runner_types/srv/_package_ExecuteScenario.lisp, /home/sahil/DorleCo/devel/share/common-lisp/ros/carla_ros_scenario_runner_types/srv/_package_ExecuteScenario.lisp)
Linked: (/home/sahil/DorleCo/devel/.private/carla_ros_scenario_runner_types/share/common-lisp/ros/carla_ros_scenario_runner_types/srv/ExecuteScenario.lisp, /home/sahil/DorleCo/devel/share/common-lisp/ros/carla_ros_scenario_runner_types/srv/ExecuteScenario.lisp)
Linked: (/home/sahil/DorleCo/devel/.private/carla_ros_scenario_runner_types/share/common-lisp/ros/carla_ros_scenario_runner_types/srv/carla_ros_scenario_runner_types-srv.asd, /home/sahil/DorleCo/devel/share/common-lisp/ros/carla_ros_scenario_runner_types/srv/carla_ros_scenario_runner_types-srv.asd)
Linked: (/home/sahil/DorleCo/devel/.private/carla_ros_scenario_runner_types/share/common-lisp/ros/carla_ros_scenario_runner_types/srv/_package.lisp, /home/sahil/DorleCo/devel/share/common-lisp/ros/carla_ros_scenario_runner_types/srv/_package.lisp)
Linked: (/home/sahil/DorleCo/devel/.private/carla_ros_scenario_runner_types/share/carla_ros_scenario_runner_types/cmake/carla_ros_scenario_runner_types-msg-extras.cmake, /home/sahil/DorleCo/devel/share/carla_ros_scenario_runner_types/cmake/carla_ros_scenario_runner_types-msg-extras.cmake)
Linked: (/home/sahil/DorleCo/devel/.private/carla_ros_scenario_runner_types/share/carla_ros_scenario_runner_types/cmake/carla_ros_scenario_runner_typesConfig-version.cmake, /home/sahil/DorleCo/devel/share/carla_ros_scenario_runner_types/cmake/carla_ros_scenario_runner_typesConfig-version.cmake)
Linked: (/home/sahil/DorleCo/devel/.private/carla_ros_scenario_runner_types/share/carla_ros_scenario_runner_types/cmake/carla_ros_scenario_runner_types-msg-paths.cmake, /home/sahil/DorleCo/devel/share/carla_ros_scenario_runner_types/cmake/carla_ros_scenario_runner_types-msg-paths.cmake)
Linked: (/home/sahil/DorleCo/devel/.private/carla_ros_scenario_runner_types/share/carla_ros_scenario_runner_types/cmake/carla_ros_scenario_runner_typesConfig.cmake, /home/sahil/DorleCo/devel/share/carla_ros_scenario_runner_types/cmake/carla_ros_scenario_runner_typesConfig.cmake)
Linked: (/home/sahil/DorleCo/devel/.private/carla_ros_scenario_runner_types/share/gennodejs/ros/carla_ros_scenario_runner_types/_index.js, /home/sahil/DorleCo/devel/share/gennodejs/ros/carla_ros_scenario_runner_types/_index.js)
Linked: (/home/sahil/DorleCo/devel/.private/carla_ros_scenario_runner_types/share/gennodejs/ros/carla_ros_scenario_runner_types/msg/_index.js, /home/sahil/DorleCo/devel/share/gennodejs/ros/carla_ros_scenario_runner_types/msg/_index.js)
Linked: (/home/sahil/DorleCo/devel/.private/carla_ros_scenario_runner_types/share/gennodejs/ros/carla_ros_scenario_runner_types/msg/CarlaScenario.js, /home/sahil/DorleCo/devel/share/gennodejs/ros/carla_ros_scenario_runner_types/msg/CarlaScenario.js)
Linked: (/home/sahil/DorleCo/devel/.private/carla_ros_scenario_runner_types/share/gennodejs/ros/carla_ros_scenario_runner_types/msg/CarlaScenarioRunnerStatus.js, /home/sahil/DorleCo/devel/share/gennodejs/ros/carla_ros_scenario_runner_types/msg/CarlaScenarioRunnerStatus.js)
Linked: (/home/sahil/DorleCo/devel/.private/carla_ros_scenario_runner_types/share/gennodejs/ros/carla_ros_scenario_runner_types/msg/CarlaScenarioList.js, /home/sahil/DorleCo/devel/share/gennodejs/ros/carla_ros_scenario_runner_types/msg/CarlaScenarioList.js)
Linked: (/home/sahil/DorleCo/devel/.private/carla_ros_scenario_runner_types/share/gennodejs/ros/carla_ros_scenario_runner_types/srv/_index.js, /home/sahil/DorleCo/devel/share/gennodejs/ros/carla_ros_scenario_runner_types/srv/_index.js)
Linked: (/home/sahil/DorleCo/devel/.private/carla_ros_scenario_runner_types/share/gennodejs/ros/carla_ros_scenario_runner_types/srv/ExecuteScenario.js, /home/sahil/DorleCo/devel/share/gennodejs/ros/carla_ros_scenario_runner_types/srv/ExecuteScenario.js)
Linked: (/home/sahil/DorleCo/devel/.private/carla_ros_scenario_runner_types/lib/pkgconfig/carla_ros_scenario_runner_types.pc, /home/sahil/DorleCo/devel/lib/pkgconfig/carla_ros_scenario_runner_types.pc)
Linked: (/home/sahil/DorleCo/devel/.private/carla_ros_scenario_runner_types/lib/python3/dist-packages/carla_ros_scenario_runner_types/__init__.py, /home/sahil/DorleCo/devel/lib/python3/dist-packages/carla_ros_scenario_runner_types/__init__.py)
Linked: (/home/sahil/DorleCo/devel/.private/carla_ros_scenario_runner_types/lib/python3/dist-packages/carla_ros_scenario_runner_types/msg/_CarlaScenarioRunnerStatus.py, /home/sahil/DorleCo/devel/lib/python3/dist-packages/carla_ros_scenario_runner_types/msg/_CarlaScenarioRunnerStatus.py)
Linked: (/home/sahil/DorleCo/devel/.private/carla_ros_scenario_runner_types/lib/python3/dist-packages/carla_ros_scenario_runner_types/msg/_CarlaScenario.py, /home/sahil/DorleCo/devel/lib/python3/dist-packages/carla_ros_scenario_runner_types/msg/_CarlaScenario.py)
Linked: (/home/sahil/DorleCo/devel/.private/carla_ros_scenario_runner_types/lib/python3/dist-packages/carla_ros_scenario_runner_types/msg/__init__.py, /home/sahil/DorleCo/devel/lib/python3/dist-packages/carla_ros_scenario_runner_types/msg/__init__.py)
Linked: (/home/sahil/DorleCo/devel/.private/carla_ros_scenario_runner_types/lib/python3/dist-packages/carla_ros_scenario_runner_types/msg/_CarlaScenarioList.py, /home/sahil/DorleCo/devel/lib/python3/dist-packages/carla_ros_scenario_runner_types/msg/_CarlaScenarioList.py)
Linked: (/home/sahil/DorleCo/devel/.private/carla_ros_scenario_runner_types/lib/python3/dist-packages/carla_ros_scenario_runner_types/srv/_ExecuteScenario.py, /home/sahil/DorleCo/devel/lib/python3/dist-packages/carla_ros_scenario_runner_types/srv/_ExecuteScenario.py)
Linked: (/home/sahil/DorleCo/devel/.private/carla_ros_scenario_runner_types/lib/python3/dist-packages/carla_ros_scenario_runner_types/srv/__init__.py, /home/sahil/DorleCo/devel/lib/python3/dist-packages/carla_ros_scenario_runner_types/srv/__init__.py)
