[  1%] Built target rtabmap_costmap_voxel_markers
[  1%] Built target rtabmap_costmap_plugins
[  2%] Built target rtabmap_point_cloud_aggregator
[  2%] Built target _rtabmap_ros_generate_messages_check_deps_GPS
[  2%] Built target _rtabmap_ros_generate_messages_check_deps_GlobalBundleAdjustment
[  2%] Built target _rtabmap_ros_generate_messages_check_deps_DetectMoreLoopClosures
[  2%] Built target _rtabmap_ros_generate_messages_check_deps_LoadDatabase
[  2%] Built target _rtabmap_ros_generate_messages_check_deps_AddLink
[  2%] Built target _rtabmap_ros_generate_messages_check_deps_GetNodeData
[  2%] Built target _rtabmap_ros_generate_messages_check_deps_GetPlan
[  2%] Built target _rtabmap_ros_generate_messages_check_deps_RemoveLabel
[  2%] Built target _rtabmap_ros_generate_messages_check_deps_SetLabel
[  2%] Built target _rtabmap_ros_generate_messages_check_deps_GetMap2
[  2%] Built target _rtabmap_ros_generate_messages_check_deps_GetMap
[  2%] Built target _rtabmap_ros_generate_messages_check_deps_UserData
[  2%] Built target _rtabmap_ros_generate_messages_check_deps_EnvSensor
[  2%] Built target _rtabmap_ros_generate_messages_check_deps_RGBDImages
[  2%] Built target _rtabmap_ros_generate_messages_check_deps_RGBDImage
[  2%] Built target _rtabmap_ros_generate_messages_check_deps_Goal
[  2%] Built target _rtabmap_ros_generate_messages_check_deps_Link
[  2%] Built target _rtabmap_ros_generate_messages_check_deps_PublishMap
[  2%] Built target _rtabmap_ros_generate_messages_check_deps_NodeData
[  2%] Built target _rtabmap_ros_generate_messages_check_deps_MapData
[  2%] Built target _rtabmap_ros_generate_messages_check_deps_GlobalDescriptor
[  2%] Built target _rtabmap_ros_generate_messages_check_deps_KeyPoint
[  2%] Built target geometry_msgs_generate_messages_nodejs
[  2%] Built target sensor_msgs_generate_messages_nodejs
[  2%] Built target _rtabmap_ros_generate_messages_check_deps_Info
[  2%] Built target _rtabmap_ros_generate_messages_check_deps_Path
[  2%] Built target _rtabmap_ros_generate_messages_check_deps_ResetPose
[  2%] Built target _rtabmap_ros_generate_messages_check_deps_Point2f
[  2%] Built target std_msgs_generate_messages_nodejs
[  2%] Built target _rtabmap_ros_generate_messages_check_deps_CleanupLocalGrids
[  2%] Built target _rtabmap_ros_generate_messages_check_deps_OdomInfo
[  2%] Built target _rtabmap_ros_generate_messages_check_deps_ScanDescriptor
[  2%] Built target _rtabmap_ros_generate_messages_check_deps_GetNodesInRadius
[  3%] Built target rtabmap_ros_gencfg
[  3%] Built target _rtabmap_ros_generate_messages_check_deps_ListLabels
[  3%] Built target _rtabmap_ros_generate_messages_check_deps_Point3f
[  3%] Built target sensor_msgs_generate_messages_eus
[  3%] Built target std_msgs_generate_messages_eus
[  3%] Built target geometry_msgs_generate_messages_cpp
[  3%] Built target geometry_msgs_generate_messages_eus
[  3%] Built target sensor_msgs_generate_messages_cpp
[  3%] Built target std_msgs_generate_messages_cpp
[  3%] Built target _rtabmap_ros_generate_messages_check_deps_MapGraph
[  3%] Built target std_msgs_generate_messages_py
[  3%] Built target sensor_msgs_generate_messages_py
[  3%] Built target _rtabmap_ros_generate_messages_check_deps_SetGoal
[  3%] Built target geometry_msgs_generate_messages_py
[  3%] Built target std_msgs_generate_messages_lisp
[  3%] Built target geometry_msgs_generate_messages_lisp
[  3%] Built target sensor_msgs_generate_messages_lisp
[  3%] Built target rtabmap_imu_to_tf
[  4%] Built target rtabmap_rgbd_relay
[  4%] Built target rtabmap_stereo_sync
[  5%] Built target rtabmap_rgbdx_sync
[  5%] Built target rtabmap_rgbd_sync
[  7%] Built target rtabmap_rgbdicp_odometry
[  7%] Built target rtabmap_stereo_odometry
[  8%] Built target rtabmap_rgbd_odometry
[  9%] Built target rtabmap_icp_odometry
[ 10%] Built target rtabmap
[ 11%] Built target rtabmap_rgb_sync
[ 12%] Built target rtabmap_costmap_plugins2
[ 12%] Built target rtabmap_pointcloud_to_depthimage
[ 24%] Built target rtabmap_ros_generate_messages_nodejs
[ 25%] Built target rtabmap_point_cloud_assembler
[ 48%] Built target rtabmap_ros_generate_messages_eus
[ 48%] Built target rtabmap_ros_generate_messages_cpp
[ 73%] Built target rtabmap_ros_generate_messages_lisp
[ 73%] Built target rtabmap_ros_generate_messages_py
[ 73%] Built target rtabmap_ros_generate_messages
[ 74%] Built target rtabmap_camera
[ 75%] Built target rtabmap_ros
[ 76%] Built target rtabmap_stereo_camera
[ 80%] Built target rtabmap_sync
[ 81%] Built target rtabmap_external_loop_detectionexample
[ 82%] Built target rtabmap_map_assembler
[ 82%] Built target rtabmap_data_player
[ 90%] Built target rtabmap_plugins
[ 90%] Built target rtabmap_wifi_signal_pub
[ 90%] Built target rtabmap_odom_msg_to_tf
[ 91%] Built target rtabmap_save_objects_example
[ 91%] Built target rtabmap_wifi_signal_sub
[ 92%] Built target rtabmap_map_optimizer
[ 97%] Built target rtabmap_rviz_plugins
[100%] Built target rtabmapviz
